<?xml version="1.0" encoding="UTF-8" standalone="no"?>
<testsuite errors="0" failures="0" name="io.cucumber.core.plugin.JUnitFormatter" skipped="0" tests="2" time="19.274">
    <testcase classname="Test login functionality" name="Verify user is able to view comment section" time="14.611">
        <system-out>
            <![CDATA[Given browser is open.......................................................passed
And user is on Home page....................................................passed
When user clicks on news feed...............................................passed
And user clicks on comment button on top....................................passed
And user is navigated to the bottom of news.................................passed
And user clicks on view Comments button.....................................passed
Then user is able to view comments..........................................passed
]]>
        </system-out>
    </testcase>
    <testcase classname="Test login functionality" name="Verify that user is able to sort comments" time="4.266">
        <system-out>
            <![CDATA[Given user is on comment section............................................passed
When user can sort comments using show filter dropdown......................passed
Then comments are fitered by selected option................................passed
]]>
        </system-out>
    </testcase>
</testsuite>
